<?xml version="1.0" encoding="UTF-8"?>
<!-- Generated by org.testng.reporters.JUnitReportReporter -->
<testsuite hostname="Vishal-PC" name="com.http.test.test_engg_assignment.HttpHeaderMethod" tests="2" failures="0" timestamp="6 Jun 2016 05:06:13 GMT" time="0.535" errors="0">
  <testcase name="testRequesteHeaders" time="0.324" classname="com.http.test.test_engg_assignment.HttpHeaderMethod"/>
  <testcase name="testResponseHeaders" time="0.211" classname="com.http.test.test_engg_assignment.HttpHeaderMethod"/>
</testsuite> <!-- com.http.test.test_engg_assignment.HttpHeaderMethod -->
