<?xml version="1.0" encoding="UTF-8"?>
<!-- Generated by org.testng.reporters.JUnitReportReporter -->
<testsuite hostname="Vishal-PC" name="com.http.test.test_engg_assignment.HttpGetMethodTest" tests="3" failures="0" timestamp="6 Jun 2016 22:33:49 GMT" time="7.357" errors="0">
  <testcase name="testDataValue" time="6.801" classname="com.http.test.test_engg_assignment.HttpGetMethodTest"/>
  <testcase name="testOrigin" time="0.291" classname="com.http.test.test_engg_assignment.HttpGetMethodTest"/>
  <testcase name="testUrlElement" time="0.265" classname="com.http.test.test_engg_assignment.HttpGetMethodTest"/>
</testsuite> <!-- com.http.test.test_engg_assignment.HttpGetMethodTest -->
