<?xml version="1.0" encoding="UTF-8"?>
<!-- Generated by org.testng.reporters.JUnitReportReporter -->
<testsuite hostname="Vishal-PC" name="com.http.test.test_engg_assignment.HttpGetMethodTest" tests="3" failures="0" timestamp="3 Jun 2016 17:01:07 GMT" time="9.774" errors="0">
  <testcase name="testOrigin" time="9.047" classname="com.http.test.test_engg_assignment.HttpGetMethodTest"/>
  <testcase name="testUrlElement" time="0.381" classname="com.http.test.test_engg_assignment.HttpGetMethodTest"/>
  <testcase name="testjsonPrint" time="0.346" classname="com.http.test.test_engg_assignment.HttpGetMethodTest"/>
</testsuite> <!-- com.http.test.test_engg_assignment.HttpGetMethodTest -->
