<?xml version="1.0" encoding="UTF-8"?>
<!-- Generated by org.testng.reporters.JUnitReportReporter -->
<testsuite hostname="Vishal-PC" name="com.http.test.test_engg_assignment.HttpHeaderMethod" tests="2" failures="0" timestamp="6 Jun 2016 22:33:49 GMT" time="0.496" errors="0">
  <testcase name="testRequesteHeaders" time="0.289" classname="com.http.test.test_engg_assignment.HttpHeaderMethod"/>
  <testcase name="testResponseHeaders" time="0.207" classname="com.http.test.test_engg_assignment.HttpHeaderMethod"/>
</testsuite> <!-- com.http.test.test_engg_assignment.HttpHeaderMethod -->
