<?xml version="1.0" encoding="UTF-8"?>
<!-- Generated by org.testng.reporters.JUnitReportReporter -->
<testsuite hostname="Vishal-PC" name="com.http.test.test_engg_assignment.HttpPostMethodTest" tests="4" failures="0" timestamp="4 Jun 2016 19:06:50 GMT" time="8.988" errors="0">
  <testcase name="testPostFormData" time="0.336" classname="com.http.test.test_engg_assignment.HttpPostMethodTest"/>
  <testcase name="testPostEmpSalJson" time="0.317" classname="com.http.test.test_engg_assignment.HttpPostMethodTest"/>
  <testcase name="testPostJson" time="0.338" classname="com.http.test.test_engg_assignment.HttpPostMethodTest"/>
  <testcase name="testPostEmpNameJson" time="7.997" classname="com.http.test.test_engg_assignment.HttpPostMethodTest"/>
</testsuite> <!-- com.http.test.test_engg_assignment.HttpPostMethodTest -->
