<?xml version="1.0" encoding="UTF-8"?>
<!-- Generated by org.testng.reporters.JUnitReportReporter -->
<testsuite hostname="Vishal-PC" name="com.http.test.test_engg_assignment.HttpGetMethodTest" tests="3" failures="0" timestamp="6 Jun 2016 05:06:13 GMT" time="7.121" errors="0">
  <testcase name="testDataValue" time="6.488" classname="com.http.test.test_engg_assignment.HttpGetMethodTest"/>
  <testcase name="testOrigin" time="0.271" classname="com.http.test.test_engg_assignment.HttpGetMethodTest"/>
  <testcase name="testUrlElement" time="0.362" classname="com.http.test.test_engg_assignment.HttpGetMethodTest"/>
</testsuite> <!-- com.http.test.test_engg_assignment.HttpGetMethodTest -->
