<?xml version="1.0" encoding="UTF-8"?>
<!-- Generated by org.testng.reporters.JUnitReportReporter -->
<testsuite hostname="Vishal-PC" name="com.http.test.test_engg_assignment.HttpPostMethodTest" tests="4" failures="0" timestamp="6 Jun 2016 05:06:13 GMT" time="1.954" errors="0">
  <testcase name="testPostEmpSalJson" time="0.242" classname="com.http.test.test_engg_assignment.HttpPostMethodTest"/>
  <testcase name="testPostJson" time="0.232" classname="com.http.test.test_engg_assignment.HttpPostMethodTest"/>
  <testcase name="testPostEmpNameJson" time="1.209" classname="com.http.test.test_engg_assignment.HttpPostMethodTest"/>
  <testcase name="testPostFormData" time="0.271" classname="com.http.test.test_engg_assignment.HttpPostMethodTest"/>
</testsuite> <!-- com.http.test.test_engg_assignment.HttpPostMethodTest -->
