<?xml version="1.0" encoding="UTF-8"?>
<!-- Generated by org.testng.reporters.JUnitReportReporter -->
<testsuite hostname="Vishal-PC" name="com.http.test.test_engg_assignment.HttpPostMethodTest" tests="4" failures="0" timestamp="6 Jun 2016 22:33:49 GMT" time="2.258" errors="0">
  <testcase name="testPostEmpSalJson" time="0.287" classname="com.http.test.test_engg_assignment.HttpPostMethodTest"/>
  <testcase name="testPostJson" time="0.325" classname="com.http.test.test_engg_assignment.HttpPostMethodTest"/>
  <testcase name="testPostEmpNameJson" time="1.252" classname="com.http.test.test_engg_assignment.HttpPostMethodTest"/>
  <testcase name="testPostFormData" time="0.394" classname="com.http.test.test_engg_assignment.HttpPostMethodTest"/>
</testsuite> <!-- com.http.test.test_engg_assignment.HttpPostMethodTest -->
