<?xml version="1.0" encoding="UTF-8"?>
<!-- Generated by org.testng.reporters.JUnitReportReporter -->
<testsuite hostname="Vishal-PC" name="com.http.test.test_engg_assignment.HttpHeaderMethodTest" tests="2" failures="0" timestamp="7 Jun 2016 01:32:03 GMT" time="0.597" errors="0">
  <testcase name="testRequesteHeaders" time="0.361" classname="com.http.test.test_engg_assignment.HttpHeaderMethodTest"/>
  <testcase name="testResponseHeaders" time="0.236" classname="com.http.test.test_engg_assignment.HttpHeaderMethodTest"/>
</testsuite> <!-- com.http.test.test_engg_assignment.HttpHeaderMethodTest -->
