<?xml version="1.0" encoding="UTF-8"?>
<!-- Generated by org.testng.reporters.JUnitReportReporter -->
<testsuite hostname="Vishal-PC" name="com.http.test.test_engg_assignment.HttpGetMethodTest" tests="3" failures="0" timestamp="6 Jun 2016 19:50:07 GMT" time="9.705" errors="0">
  <testcase name="testOrigin" time="0.411" classname="com.http.test.test_engg_assignment.HttpGetMethodTest"/>
  <testcase name="testDataValue" time="8.892" classname="com.http.test.test_engg_assignment.HttpGetMethodTest"/>
  <testcase name="testUrlElement" time="0.402" classname="com.http.test.test_engg_assignment.HttpGetMethodTest"/>
</testsuite> <!-- com.http.test.test_engg_assignment.HttpGetMethodTest -->
